<?xml version="1.0" encoding="UTF-8"?>
<!-- Generated by org.testng.reporters.JUnitReportReporter -->
<testsuite hostname="DESKTOP-6HPEAMJ" failures="0" tests="1" name="com.unitech.psptech.testCases.HomePage_TS_001" time="0.553" errors="0" timestamp="2 Jan 2023 20:27:17 GMT">
  <testcase classname="com.unitech.psptech.testCases.HomePage_TS_001" name="TC_001_ClickHeaderHomeButton" time="0.553"/>
</testsuite> <!-- com.unitech.psptech.testCases.HomePage_TS_001 -->
